<testsuites id="" name="" tests="1" failures="0" skipped="0" errors="0" time="6.927759">
<testsuite name="booking-flow.spec.ts" timestamp="2025-08-20T18:58:04.405Z" hostname="chromium" tests="1" failures="0" skipped="0" time="5.152" errors="0">
<testcase name="Squash Booking E2E Flow › should attempt booking flow in dry-run mode" classname="booking-flow.spec.ts" time="5.152">
<system-out>
<![CDATA[2025-08-20T18:58:05.882Z [32minfo[39m: [DryRunValidator] DryRunValidator initialized {"service":"squash-booking-automation","safetyLevel":"standard"}
2025-08-20T18:58:05.895Z [32minfo[39m: [DryRunValidator] Validation point: Configuration Validation Configuration validation passed {"service":"squash-booking-automation","status":"success"}
2025-08-20T18:58:05.895Z [32minfo[39m: [DryRunValidator.validateBookingConfig] Configuration validation completed {"service":"squash-booking-automation","isValid":true,"warningCount":0,"errorCount":0,"safetyChecksPassed":5,"totalSafetyChecks":5}
2025-08-20T18:58:05.896Z [32minfo[39m: [BookingManager] Starting booking process {"service":"squash-booking-automation","config":{"daysAhead":20,"targetStartTime":"14:00","duration":60,"maxRetries":3,"dryRun":true},"mode":"DRY_RUN","validationPassed":true}
2025-08-20T18:58:05.897Z [32minfo[39m: [BookingManager] Booking attempt 1/3 {"service":"squash-booking-automation"}
2025-08-20T18:58:05.899Z [32minfo[39m: [BookingManager.attemptBooking] Calculated booking parameters {"service":"squash-booking-automation","targetDate":"2025-09-09","timeSlots":["14:00","15:00"],"daysAhead":20}
2025-08-20T18:58:07.045Z [32minfo[39m: [BookingManager.navigateToBookingPage] Navigated to booking page {"service":"squash-booking-automation","baseUrl":"https://www.eversports.de/sb/sportcenter-kautz?sport=squash"}
2025-08-20T18:58:08.929Z [32minfo[39m: [BookingManager.navigateToDateAlternative] Using alternative date navigation {"service":"squash-booking-automation","targetDate":"2025-09-09"}
2025-08-20T18:58:08.929Z [32minfo[39m: [BookingManager.navigateToTargetDate] Navigated to target date {"service":"squash-booking-automation","targetDate":"2025-09-09"}
2025-08-20T18:58:08.930Z [32minfo[39m: [SlotSearcher] Starting slot search {"service":"squash-booking-automation","targetDate":"2025-09-09","targetTimes":["14:00","15:00"]}
2025-08-20T18:58:09.129Z [33mwarn[39m: [SlotSearcher.findAvailableCourts] Selector [class*="court"] found too many elements (148), skipping {"service":"squash-booking-automation"}
2025-08-20T18:58:09.292Z [33mwarn[39m: [SlotSearcher.findAvailableCourts] Selector [class*="calendar"] [class*="court"]:not(.btn) found too many elements (148), skipping {"service":"squash-booking-automation"}
2025-08-20T18:58:09.292Z [33mwarn[39m: [SlotSearcher.findAvailableCourts] No specific court elements found, using simulation mode for dry-run {"service":"squash-booking-automation"}
2025-08-20T18:58:09.293Z [32minfo[39m: [SlotSearcher.generateSimulatedSlots] Generating simulated slots for dry-run mode {"service":"squash-booking-automation","courtId":"squash-court-1","targetDate":"2025-09-09","targetTimes":["14:00","15:00"]}
2025-08-20T18:58:09.294Z [32minfo[39m: [SlotSearcher.generateSimulatedSlots] Generating simulated slots for dry-run mode {"service":"squash-booking-automation","courtId":"squash-court-2","targetDate":"2025-09-09","targetTimes":["14:00","15:00"]}
2025-08-20T18:58:09.294Z [32minfo[39m: [SlotSearcher.generateSimulatedSlots] Generating simulated slots for dry-run mode {"service":"squash-booking-automation","courtId":"squash-court-3","targetDate":"2025-09-09","targetTimes":["14:00","15:00"]}
2025-08-20T18:58:09.324Z [32minfo[39m: [SlotSearcher] Slot search completed {"service":"squash-booking-automation","availableCourts":3,"totalSlots":6,"availablePairs":1}
2025-08-20T18:58:09.324Z [32minfo[39m: [IsolationChecker] Finding best non-isolating pair {"service":"squash-booking-automation","availablePairsCount":1}
2025-08-20T18:58:09.324Z [32minfo[39m: [IsolationChecker] Isolation check completed {"service":"squash-booking-automation","hasIsolation":false,"isolatedSlotsCount":0,"recommendation":"✅ Safe to book squash-court-1 at 14:00-15:00. No isolated slots created."}
2025-08-20T18:58:09.325Z [32minfo[39m: [IsolationChecker] Found non-isolating pair {"service":"squash-booking-automation","courtId":"squash-court-1","startTime":"14:00"}
2025-08-20T18:58:09.325Z [32minfo[39m: [BookingManager.simulateBooking] Simulating booking (DRY RUN) {"service":"squash-booking-automation","courtId":"squash-court-1","slot1":"14:00","slot2":"15:00","date":"2025-09-09"}
2025-08-20T18:58:10.346Z [32minfo[39m: [BookingManager] Booking successful {"service":"squash-booking-automation","courtId":"squash-court-1","date":"2025-09-09","startTime":"14:00"}
2025-08-20T18:58:10.359Z [32minfo[39m: [E2E Test] Dry-run booking successful {"service":"squash-booking-automation","bookedPair":{"slot1":{"date":"2025-09-09","startTime":"14:00","courtId":"squash-court-1","isAvailable":true,"elementSelector":"[data-simulated-slot=\"squash-court-1-14:00\"]"},"slot2":{"date":"2025-09-09","startTime":"15:00","courtId":"squash-court-1","isAvailable":true,"elementSelector":"[data-simulated-slot=\"squash-court-1-15:00\"]"},"courtId":"squash-court-1"},"retryAttempts":1}

[[ATTACHMENT|../test-artifacts/booking-flow-Squash-Bookin-745f4-ooking-flow-in-dry-run-mode-chromium/test-finished-1.png]]

[[ATTACHMENT|../test-artifacts/booking-flow-Squash-Bookin-745f4-ooking-flow-in-dry-run-mode-chromium/video.webm]]
]]>
</system-out>
</testcase>
</testsuite>
</testsuites>